Determining if the pthread_create exist failed with the following output:
Change Dir: /home/sytasch/ROS/UTHAI_Humanoid/catkin_ws/build/CMakeFiles/CMakeTmp

Run Build Command:"/usr/bin/make" "cmTC_20fee/fast"
/usr/bin/make -f CMakeFiles/cmTC_20fee.dir/build.make CMakeFiles/cmTC_20fee.dir/build
make[1]: Entering directory '/home/sytasch/ROS/UTHAI_Humanoid/catkin_ws/build/CMakeFiles/CMakeTmp'
Building C object CMakeFiles/cmTC_20fee.dir/CheckSymbolExists.c.o
/usr/bin/cc     -o CMakeFiles/cmTC_20fee.dir/CheckSymbolExists.c.o   -c /home/sytasch/ROS/UTHAI_Humanoid/catkin_ws/build/CMakeFiles/CMakeTmp/CheckSymbolExists.c
Linking C executable cmTC_20fee
/usr/bin/cmake -E cmake_link_script CMakeFiles/cmTC_20fee.dir/link.txt --verbose=1
/usr/bin/cc       CMakeFiles/cmTC_20fee.dir/CheckSymbolExists.c.o  -o cmTC_20fee -rdynamic 
CMakeFiles/cmTC_20fee.dir/CheckSymbolExists.c.o: In function `main':
CheckSymbolExists.c:(.text+0x16): undefined reference to `pthread_create'
collect2: error: ld returned 1 exit status
CMakeFiles/cmTC_20fee.dir/build.make:97: recipe for target 'cmTC_20fee' failed
make[1]: *** [cmTC_20fee] Error 1
make[1]: Leaving directory '/home/sytasch/ROS/UTHAI_Humanoid/catkin_ws/build/CMakeFiles/CMakeTmp'
Makefile:126: recipe for target 'cmTC_20fee/fast' failed
make: *** [cmTC_20fee/fast] Error 2

File /home/sytasch/ROS/UTHAI_Humanoid/catkin_ws/build/CMakeFiles/CMakeTmp/CheckSymbolExists.c:
/* */
#include <pthread.h>

int main(int argc, char** argv)
{
  (void)argv;
#ifndef pthread_create
  return ((int*)(&pthread_create))[argc];
#else
  (void)argc;
  return 0;
#endif
}

Determining if the function pthread_create exists in the pthreads failed with the following output:
Change Dir: /home/sytasch/ROS/UTHAI_Humanoid/catkin_ws/build/CMakeFiles/CMakeTmp

Run Build Command:"/usr/bin/make" "cmTC_01931/fast"
/usr/bin/make -f CMakeFiles/cmTC_01931.dir/build.make CMakeFiles/cmTC_01931.dir/build
make[1]: Entering directory '/home/sytasch/ROS/UTHAI_Humanoid/catkin_ws/build/CMakeFiles/CMakeTmp'
Building C object CMakeFiles/cmTC_01931.dir/CheckFunctionExists.c.o
/usr/bin/cc    -DCHECK_FUNCTION_EXISTS=pthread_create   -o CMakeFiles/cmTC_01931.dir/CheckFunctionExists.c.o   -c /usr/share/cmake-3.5/Modules/CheckFunctionExists.c
Linking C executable cmTC_01931
/usr/bin/cmake -E cmake_link_script CMakeFiles/cmTC_01931.dir/link.txt --verbose=1
/usr/bin/cc   -DCHECK_FUNCTION_EXISTS=pthread_create    CMakeFiles/cmTC_01931.dir/CheckFunctionExists.c.o  -o cmTC_01931 -rdynamic -lpthreads 
/usr/bin/ld: cannot find -lpthreads
collect2: error: ld returned 1 exit status
CMakeFiles/cmTC_01931.dir/build.make:97: recipe for target 'cmTC_01931' failed
make[1]: *** [cmTC_01931] Error 1
make[1]: Leaving directory '/home/sytasch/ROS/UTHAI_Humanoid/catkin_ws/build/CMakeFiles/CMakeTmp'
Makefile:126: recipe for target 'cmTC_01931/fast' failed
make: *** [cmTC_01931/fast] Error 2


